<?xml version="1.0" encoding="UTF-8"?>
<!-- Generated by org.testng.reporters.JUnitXMLReporter -->
<testsuite hostname="DESKTOP-6340PUF" ignored="0" name="Regression Test" tests="2" failures="2" timestamp="2023-05-09T10:00:19 BST" time="0.434" errors="0">
  <testcase name="verifyPageNavigation" time="0.012" classname="com.nopcommerce.demo.testsuite.TopMenuTest">
    <failure type="java.lang.NullPointerException">
      <![CDATA[java.lang.NullPointerException
at org.openqa.selenium.support.pagefactory.DefaultElementLocator.findElements(DefaultElementLocator.java:87)
at org.openqa.selenium.support.pagefactory.internal.LocatingElementListHandler.invoke(LocatingElementListHandler.java:37)
at com.sun.proxy.$Proxy12.iterator(Unknown Source)
at com.nopcommerce.demo.pages.HomePage.selectMenu(HomePage.java:38)
at com.nopcommerce.demo.testsuite.TopMenuTest.verifyPageNavigation(TopMenuTest.java:29)
at java.util.ArrayList.forEach(ArrayList.java:1249)
at com.intellij.rt.testng.IDEARemoteTestNG.run(IDEARemoteTestNG.java:66)
at com.intellij.rt.testng.RemoteTestNGStarter.main(RemoteTestNGStarter.java:109)
... Removed 24 stack frames]]>
    </failure>
  </testcase> <!-- verifyPageNavigation -->
  <testcase name="verifyPageNavigation" time="0.092" classname="com.nopcommerce.demo.testsuite.TopMenuTest">
    <failure type="java.lang.NullPointerException">
      <![CDATA[java.lang.NullPointerException
at com.nopcommerce.demo.utility.Utility.takeScreenShot(Utility.java:349)
at com.nopcommerce.demo.customlisteners.CustomListeners.onTestFailure(CustomListeners.java:32)
at java.util.ArrayList.forEach(ArrayList.java:1249)
at com.intellij.rt.testng.IDEARemoteTestNG.run(IDEARemoteTestNG.java:66)
at com.intellij.rt.testng.RemoteTestNGStarter.main(RemoteTestNGStarter.java:109)
... Removed 21 stack frames]]>
    </failure>
  </testcase> <!-- verifyPageNavigation -->
</testsuite> <!-- Regression Test -->
